SF:/Users/franci/src/personal/rusty-commit-lister/src/adapters/arboard_clipboard.rs
FN:31,_RNCNvXs0_NtNtCsmREoL2ZpaF_19rusty_commit_lister8adapters17arboard_clipboardNtB7_23ArboardClipboardAdapterNtNtNtBb_5ports11config_port5Probe5probe0Bb_
FN:37,_RNCNvXs0_NtNtCsmREoL2ZpaF_19rusty_commit_lister8adapters17arboard_clipboardNtB7_23ArboardClipboardAdapterNtNtNtBb_5ports11config_port5Probe5probes0_0Bb_
FN:34,_RNCNvXs0_NtNtCsmREoL2ZpaF_19rusty_commit_lister8adapters17arboard_clipboardNtB7_23ArboardClipboardAdapterNtNtNtBb_5ports11config_port5Probe5probes_0Bb_
FN:46,_RNCNvXs1_NtNtCsmREoL2ZpaF_19rusty_commit_lister8adapters17arboard_clipboardNtB7_23ArboardClipboardAdapterNtNtNtBb_5ports14clipboard_port13ClipboardPort5write0Bb_
FN:49,_RNCNvXs1_NtNtCsmREoL2ZpaF_19rusty_commit_lister8adapters17arboard_clipboardNtB7_23ArboardClipboardAdapterNtNtNtBb_5ports14clipboard_port13ClipboardPort5writes_0Bb_
FN:18,_RNvMNtNtCsmREoL2ZpaF_19rusty_commit_lister8adapters17arboard_clipboardNtB2_23ArboardClipboardAdapter3new
FN:30,_RNvXs0_NtNtCsmREoL2ZpaF_19rusty_commit_lister8adapters17arboard_clipboardNtB5_23ArboardClipboardAdapterNtNtNtB9_5ports11config_port5Probe5probe
FN:45,_RNvXs1_NtNtCsmREoL2ZpaF_19rusty_commit_lister8adapters17arboard_clipboardNtB5_23ArboardClipboardAdapterNtNtNtB9_5ports14clipboard_port13ClipboardPort5write
FN:24,_RNvXs_NtNtCsmREoL2ZpaF_19rusty_commit_lister8adapters17arboard_clipboardNtB4_23ArboardClipboardAdapterNtNtCs6bbfkRe74Oh_4core7default7Default7default
FN:31,_RNCNvXs0_NtNtCseeVLT2QTm8c_19rusty_commit_lister8adapters17arboard_clipboardNtB7_23ArboardClipboardAdapterNtNtNtBb_5ports11config_port5Probe5probe0Bb_
FN:37,_RNCNvXs0_NtNtCseeVLT2QTm8c_19rusty_commit_lister8adapters17arboard_clipboardNtB7_23ArboardClipboardAdapterNtNtNtBb_5ports11config_port5Probe5probes0_0Bb_
FN:34,_RNCNvXs0_NtNtCseeVLT2QTm8c_19rusty_commit_lister8adapters17arboard_clipboardNtB7_23ArboardClipboardAdapterNtNtNtBb_5ports11config_port5Probe5probes_0Bb_
FN:46,_RNCNvXs1_NtNtCseeVLT2QTm8c_19rusty_commit_lister8adapters17arboard_clipboardNtB7_23ArboardClipboardAdapterNtNtNtBb_5ports14clipboard_port13ClipboardPort5write0Bb_
FN:49,_RNCNvXs1_NtNtCseeVLT2QTm8c_19rusty_commit_lister8adapters17arboard_clipboardNtB7_23ArboardClipboardAdapterNtNtNtBb_5ports14clipboard_port13ClipboardPort5writes_0Bb_
FN:18,_RNvMNtNtCseeVLT2QTm8c_19rusty_commit_lister8adapters17arboard_clipboardNtB2_23ArboardClipboardAdapter3new
FN:30,_RNvXs0_NtNtCseeVLT2QTm8c_19rusty_commit_lister8adapters17arboard_clipboardNtB5_23ArboardClipboardAdapterNtNtNtB9_5ports11config_port5Probe5probe
FN:45,_RNvXs1_NtNtCseeVLT2QTm8c_19rusty_commit_lister8adapters17arboard_clipboardNtB5_23ArboardClipboardAdapterNtNtNtB9_5ports14clipboard_port13ClipboardPort5write
FN:24,_RNvXs_NtNtCseeVLT2QTm8c_19rusty_commit_lister8adapters17arboard_clipboardNtB4_23ArboardClipboardAdapterNtNtCs6bbfkRe74Oh_4core7default7Default7default
FNDA:0,_RNCNvXs0_NtNtCsmREoL2ZpaF_19rusty_commit_lister8adapters17arboard_clipboardNtB7_23ArboardClipboardAdapterNtNtNtBb_5ports11config_port5Probe5probe0Bb_
FNDA:1,_RNCNvXs0_NtNtCsmREoL2ZpaF_19rusty_commit_lister8adapters17arboard_clipboardNtB7_23ArboardClipboardAdapterNtNtNtBb_5ports11config_port5Probe5probes0_0Bb_
FNDA:2,_RNCNvXs0_NtNtCsmREoL2ZpaF_19rusty_commit_lister8adapters17arboard_clipboardNtB7_23ArboardClipboardAdapterNtNtNtBb_5ports11config_port5Probe5probes_0Bb_
FNDA:0,_RNCNvXs1_NtNtCsmREoL2ZpaF_19rusty_commit_lister8adapters17arboard_clipboardNtB7_23ArboardClipboardAdapterNtNtNtBb_5ports14clipboard_port13ClipboardPort5write0Bb_
FNDA:0,_RNCNvXs1_NtNtCsmREoL2ZpaF_19rusty_commit_lister8adapters17arboard_clipboardNtB7_23ArboardClipboardAdapterNtNtNtBb_5ports14clipboard_port13ClipboardPort5writes_0Bb_
FNDA:7,_RNvMNtNtCsmREoL2ZpaF_19rusty_commit_lister8adapters17arboard_clipboardNtB2_23ArboardClipboardAdapter3new
FNDA:6,_RNvXs0_NtNtCsmREoL2ZpaF_19rusty_commit_lister8adapters17arboard_clipboardNtB5_23ArboardClipboardAdapterNtNtNtB9_5ports11config_port5Probe5probe
FNDA:0,_RNvXs1_NtNtCsmREoL2ZpaF_19rusty_commit_lister8adapters17arboard_clipboardNtB5_23ArboardClipboardAdapterNtNtNtB9_5ports14clipboard_port13ClipboardPort5write
FNDA:0,_RNvXs_NtNtCsmREoL2ZpaF_19rusty_commit_lister8adapters17arboard_clipboardNtB4_23ArboardClipboardAdapterNtNtCs6bbfkRe74Oh_4core7default7Default7default
FNDA:0,_RNCNvXs0_NtNtCseeVLT2QTm8c_19rusty_commit_lister8adapters17arboard_clipboardNtB7_23ArboardClipboardAdapterNtNtNtBb_5ports11config_port5Probe5probe0Bb_
FNDA:0,_RNCNvXs0_NtNtCseeVLT2QTm8c_19rusty_commit_lister8adapters17arboard_clipboardNtB7_23ArboardClipboardAdapterNtNtNtBb_5ports11config_port5Probe5probes0_0Bb_
FNDA:0,_RNCNvXs0_NtNtCseeVLT2QTm8c_19rusty_commit_lister8adapters17arboard_clipboardNtB7_23ArboardClipboardAdapterNtNtNtBb_5ports11config_port5Probe5probes_0Bb_
FNDA:0,_RNCNvXs1_NtNtCseeVLT2QTm8c_19rusty_commit_lister8adapters17arboard_clipboardNtB7_23ArboardClipboardAdapterNtNtNtBb_5ports14clipboard_port13ClipboardPort5write0Bb_
FNDA:0,_RNCNvXs1_NtNtCseeVLT2QTm8c_19rusty_commit_lister8adapters17arboard_clipboardNtB7_23ArboardClipboardAdapterNtNtNtBb_5ports14clipboard_port13ClipboardPort5writes_0Bb_
FNDA:0,_RNvMNtNtCseeVLT2QTm8c_19rusty_commit_lister8adapters17arboard_clipboardNtB2_23ArboardClipboardAdapter3new
FNDA:0,_RNvXs0_NtNtCseeVLT2QTm8c_19rusty_commit_lister8adapters17arboard_clipboardNtB5_23ArboardClipboardAdapterNtNtNtB9_5ports11config_port5Probe5probe
FNDA:0,_RNvXs1_NtNtCseeVLT2QTm8c_19rusty_commit_lister8adapters17arboard_clipboardNtB5_23ArboardClipboardAdapterNtNtNtB9_5ports14clipboard_port13ClipboardPort5write
FNDA:0,_RNvXs_NtNtCseeVLT2QTm8c_19rusty_commit_lister8adapters17arboard_clipboardNtB4_23ArboardClipboardAdapterNtNtCs6bbfkRe74Oh_4core7default7Default7default
FNF:9
FNH:4
DA:18,7
DA:19,7
DA:20,7
DA:24,0
DA:25,0
DA:26,0
DA:30,6
DA:31,6
DA:32,0
DA:33,0
DA:34,6
DA:35,2
DA:36,2
DA:37,4
DA:38,1
DA:39,1
DA:40,3
DA:41,6
DA:45,0
DA:46,0
DA:47,0
DA:48,0
DA:49,0
DA:50,0
DA:51,0
DA:52,0
DA:53,0
BRF:0
BRH:0
LF:37
LH:17
end_of_record
SF:/Users/franci/src/personal/rusty-commit-lister/src/adapters/toml_config.rs
FN:65,_RNCNvXs0_NtNtCsmREoL2ZpaF_19rusty_commit_lister8adapters11toml_configNtB7_17TomlConfigAdapterNtNtNtBb_5ports11config_port10ConfigPort4load0Bb_
FN:88,_RNCNvXs0_NtNtCsmREoL2ZpaF_19rusty_commit_lister8adapters11toml_configNtB7_17TomlConfigAdapterNtNtNtBb_5ports11config_port10ConfigPort4loads0_0Bb_
FN:89,_RNCNvXs0_NtNtCsmREoL2ZpaF_19rusty_commit_lister8adapters11toml_configNtB7_17TomlConfigAdapterNtNtNtBb_5ports11config_port10ConfigPort4loads1_0Bb_
FN:72,_RNCNvXs0_NtNtCsmREoL2ZpaF_19rusty_commit_lister8adapters11toml_configNtB7_17TomlConfigAdapterNtNtNtBb_5ports11config_port10ConfigPort4loads_0Bb_
FN:48,_RNCNvXs_NtNtCsmREoL2ZpaF_19rusty_commit_lister8adapters11toml_configNtB6_17TomlConfigAdapterNtNtNtBa_5ports11config_port5Probe5probe0Ba_
FN:38,_RNvMNtNtCsmREoL2ZpaF_19rusty_commit_lister8adapters11toml_configNtB2_17TomlConfigAdapter3new
FN:103,_RNvNtNtCsmREoL2ZpaF_19rusty_commit_lister8adapters11toml_config12expand_tilde
FN:60,_RNvXs0_NtNtCsmREoL2ZpaF_19rusty_commit_lister8adapters11toml_configNtB5_17TomlConfigAdapterNtNtNtB9_5ports11config_port10ConfigPort4load
FN:46,_RNvXs_NtNtCsmREoL2ZpaF_19rusty_commit_lister8adapters11toml_configNtB4_17TomlConfigAdapterNtNtNtB8_5ports11config_port5Probe5probe
FN:65,_RNCNvXs0_NtNtCseeVLT2QTm8c_19rusty_commit_lister8adapters11toml_configNtB7_17TomlConfigAdapterNtNtNtBb_5ports11config_port10ConfigPort4load0Bb_
FN:88,_RNCNvXs0_NtNtCseeVLT2QTm8c_19rusty_commit_lister8adapters11toml_configNtB7_17TomlConfigAdapterNtNtNtBb_5ports11config_port10ConfigPort4loads0_0Bb_
FN:89,_RNCNvXs0_NtNtCseeVLT2QTm8c_19rusty_commit_lister8adapters11toml_configNtB7_17TomlConfigAdapterNtNtNtBb_5ports11config_port10ConfigPort4loads1_0Bb_
FN:72,_RNCNvXs0_NtNtCseeVLT2QTm8c_19rusty_commit_lister8adapters11toml_configNtB7_17TomlConfigAdapterNtNtNtBb_5ports11config_port10ConfigPort4loads_0Bb_
FN:48,_RNCNvXs_NtNtCseeVLT2QTm8c_19rusty_commit_lister8adapters11toml_configNtB6_17TomlConfigAdapterNtNtNtBa_5ports11config_port5Probe5probe0Ba_
FN:38,_RNvMNtNtCseeVLT2QTm8c_19rusty_commit_lister8adapters11toml_configNtB2_17TomlConfigAdapter3new
FN:103,_RNvNtNtCseeVLT2QTm8c_19rusty_commit_lister8adapters11toml_config12expand_tilde
FN:60,_RNvXs0_NtNtCseeVLT2QTm8c_19rusty_commit_lister8adapters11toml_configNtB5_17TomlConfigAdapterNtNtNtB9_5ports11config_port10ConfigPort4load
FN:46,_RNvXs_NtNtCseeVLT2QTm8c_19rusty_commit_lister8adapters11toml_configNtB4_17TomlConfigAdapterNtNtNtB8_5ports11config_port5Probe5probe
FNDA:0,_RNCNvXs0_NtNtCsmREoL2ZpaF_19rusty_commit_lister8adapters11toml_configNtB7_17TomlConfigAdapterNtNtNtBb_5ports11config_port10ConfigPort4load0Bb_
FNDA:0,_RNCNvXs0_NtNtCsmREoL2ZpaF_19rusty_commit_lister8adapters11toml_configNtB7_17TomlConfigAdapterNtNtNtBb_5ports11config_port10ConfigPort4loads0_0Bb_
FNDA:7,_RNCNvXs0_NtNtCsmREoL2ZpaF_19rusty_commit_lister8adapters11toml_configNtB7_17TomlConfigAdapterNtNtNtBb_5ports11config_port10ConfigPort4loads1_0Bb_
FNDA:1,_RNCNvXs0_NtNtCsmREoL2ZpaF_19rusty_commit_lister8adapters11toml_configNtB7_17TomlConfigAdapterNtNtNtBb_5ports11config_port10ConfigPort4loads_0Bb_
FNDA:0,_RNCNvXs_NtNtCsmREoL2ZpaF_19rusty_commit_lister8adapters11toml_configNtB6_17TomlConfigAdapterNtNtNtBa_5ports11config_port5Probe5probe0Ba_
FNDA:14,_RNvMNtNtCsmREoL2ZpaF_19rusty_commit_lister8adapters11toml_configNtB2_17TomlConfigAdapter3new
FNDA:7,_RNvNtNtCsmREoL2ZpaF_19rusty_commit_lister8adapters11toml_config12expand_tilde
FNDA:14,_RNvXs0_NtNtCsmREoL2ZpaF_19rusty_commit_lister8adapters11toml_configNtB5_17TomlConfigAdapterNtNtNtB9_5ports11config_port10ConfigPort4load
FNDA:0,_RNvXs_NtNtCsmREoL2ZpaF_19rusty_commit_lister8adapters11toml_configNtB4_17TomlConfigAdapterNtNtNtB8_5ports11config_port5Probe5probe
FNDA:0,_RNCNvXs0_NtNtCseeVLT2QTm8c_19rusty_commit_lister8adapters11toml_configNtB7_17TomlConfigAdapterNtNtNtBb_5ports11config_port10ConfigPort4load0Bb_
FNDA:0,_RNCNvXs0_NtNtCseeVLT2QTm8c_19rusty_commit_lister8adapters11toml_configNtB7_17TomlConfigAdapterNtNtNtBb_5ports11config_port10ConfigPort4loads0_0Bb_
FNDA:0,_RNCNvXs0_NtNtCseeVLT2QTm8c_19rusty_commit_lister8adapters11toml_configNtB7_17TomlConfigAdapterNtNtNtBb_5ports11config_port10ConfigPort4loads1_0Bb_
FNDA:0,_RNCNvXs0_NtNtCseeVLT2QTm8c_19rusty_commit_lister8adapters11toml_configNtB7_17TomlConfigAdapterNtNtNtBb_5ports11config_port10ConfigPort4loads_0Bb_
FNDA:0,_RNCNvXs_NtNtCseeVLT2QTm8c_19rusty_commit_lister8adapters11toml_configNtB6_17TomlConfigAdapterNtNtNtBa_5ports11config_port5Probe5probe0Ba_
FNDA:0,_RNvMNtNtCseeVLT2QTm8c_19rusty_commit_lister8adapters11toml_configNtB2_17TomlConfigAdapter3new
FNDA:0,_RNvNtNtCseeVLT2QTm8c_19rusty_commit_lister8adapters11toml_config12expand_tilde
FNDA:0,_RNvXs0_NtNtCseeVLT2QTm8c_19rusty_commit_lister8adapters11toml_configNtB5_17TomlConfigAdapterNtNtNtB9_5ports11config_port10ConfigPort4load
FNDA:0,_RNvXs_NtNtCseeVLT2QTm8c_19rusty_commit_lister8adapters11toml_configNtB4_17TomlConfigAdapterNtNtNtB8_5ports11config_port5Probe5probe
FNF:9
FNH:5
DA:38,14
DA:39,14
DA:40,14
DA:46,0
DA:47,0
DA:48,0
DA:49,0
DA:51,0
DA:53,0
DA:54,0
DA:55,0
DA:56,0
DA:60,14
DA:61,14
DA:62,3
DA:63,11
DA:65,11
DA:66,0
DA:68,0
DA:70,0
DA:72,11
DA:73,1
DA:75,1
DA:77,1
DA:79,10
DA:80,10
DA:81,3
DA:82,3
DA:83,3
DA:84,3
DA:85,7
DA:87,7
DA:88,0
DA:89,7
DA:92,7
DA:93,7
DA:94,7
DA:95,7
DA:96,7
DA:97,7
DA:98,14
DA:103,7
DA:104,7
DA:105,0
DA:106,0
DA:108,7
DA:110,7
BRF:0
BRH:0
LF:53
LH:34
end_of_record
SF:/Users/franci/src/personal/rusty-commit-lister/src/adapters/walkdir_vault.rs
FN:73,_RNCNCNvXs0_NtNtCsmREoL2ZpaF_19rusty_commit_lister8adapters13walkdir_vaultNtB9_18WalkdirScanAdapterNtNtNtBd_5ports10vault_port13VaultScanPort4scans1_00Bd_
FN:62,_RNCNCNvXs0_NtNtCsmREoL2ZpaF_19rusty_commit_lister8adapters13walkdir_vaultNtB9_18WalkdirScanAdapterNtNtNtBd_5ports10vault_port13VaultScanPort4scans_00Bd_
FN:60,_RNCNvXs0_NtNtCsmREoL2ZpaF_19rusty_commit_lister8adapters13walkdir_vaultNtB7_18WalkdirScanAdapterNtNtNtBb_5ports10vault_port13VaultScanPort4scan0Bb_
FN:70,_RNCNvXs0_NtNtCsmREoL2ZpaF_19rusty_commit_lister8adapters13walkdir_vaultNtB7_18WalkdirScanAdapterNtNtNtBb_5ports10vault_port13VaultScanPort4scans0_0Bb_
FN:73,_RNCNvXs0_NtNtCsmREoL2ZpaF_19rusty_commit_lister8adapters13walkdir_vaultNtB7_18WalkdirScanAdapterNtNtNtBb_5ports10vault_port13VaultScanPort4scans1_0Bb_
FN:61,_RNCNvXs0_NtNtCsmREoL2ZpaF_19rusty_commit_lister8adapters13walkdir_vaultNtB7_18WalkdirScanAdapterNtNtNtBb_5ports10vault_port13VaultScanPort4scans_0Bb_
FN:33,_RNvMNtNtCsmREoL2ZpaF_19rusty_commit_lister8adapters13walkdir_vaultNtB2_18WalkdirScanAdapter3new
FN:52,_RNvXs0_NtNtCsmREoL2ZpaF_19rusty_commit_lister8adapters13walkdir_vaultNtB5_18WalkdirScanAdapterNtNtNtB9_5ports10vault_port13VaultScanPort4scan
FN:39,_RNvXs_NtNtCsmREoL2ZpaF_19rusty_commit_lister8adapters13walkdir_vaultNtB4_18WalkdirScanAdapterNtNtNtB8_5ports11config_port5Probe5probe
FN:73,_RNCNCNvXs0_NtNtCseeVLT2QTm8c_19rusty_commit_lister8adapters13walkdir_vaultNtB9_18WalkdirScanAdapterNtNtNtBd_5ports10vault_port13VaultScanPort4scans1_00Bd_
FN:62,_RNCNCNvXs0_NtNtCseeVLT2QTm8c_19rusty_commit_lister8adapters13walkdir_vaultNtB9_18WalkdirScanAdapterNtNtNtBd_5ports10vault_port13VaultScanPort4scans_00Bd_
FN:60,_RNCNvXs0_NtNtCseeVLT2QTm8c_19rusty_commit_lister8adapters13walkdir_vaultNtB7_18WalkdirScanAdapterNtNtNtBb_5ports10vault_port13VaultScanPort4scan0Bb_
FN:70,_RNCNvXs0_NtNtCseeVLT2QTm8c_19rusty_commit_lister8adapters13walkdir_vaultNtB7_18WalkdirScanAdapterNtNtNtBb_5ports10vault_port13VaultScanPort4scans0_0Bb_
FN:73,_RNCNvXs0_NtNtCseeVLT2QTm8c_19rusty_commit_lister8adapters13walkdir_vaultNtB7_18WalkdirScanAdapterNtNtNtBb_5ports10vault_port13VaultScanPort4scans1_0Bb_
FN:61,_RNCNvXs0_NtNtCseeVLT2QTm8c_19rusty_commit_lister8adapters13walkdir_vaultNtB7_18WalkdirScanAdapterNtNtNtBb_5ports10vault_port13VaultScanPort4scans_0Bb_
FN:33,_RNvMNtNtCseeVLT2QTm8c_19rusty_commit_lister8adapters13walkdir_vaultNtB2_18WalkdirScanAdapter3new
FN:52,_RNvXs0_NtNtCseeVLT2QTm8c_19rusty_commit_lister8adapters13walkdir_vaultNtB5_18WalkdirScanAdapterNtNtNtB9_5ports10vault_port13VaultScanPort4scan
FN:39,_RNvXs_NtNtCseeVLT2QTm8c_19rusty_commit_lister8adapters13walkdir_vaultNtB4_18WalkdirScanAdapterNtNtNtB8_5ports11config_port5Probe5probe
FNDA:3,_RNCNCNvXs0_NtNtCsmREoL2ZpaF_19rusty_commit_lister8adapters13walkdir_vaultNtB9_18WalkdirScanAdapterNtNtNtBd_5ports10vault_port13VaultScanPort4scans1_00Bd_
FNDA:9,_RNCNCNvXs0_NtNtCsmREoL2ZpaF_19rusty_commit_lister8adapters13walkdir_vaultNtB9_18WalkdirScanAdapterNtNtNtBd_5ports10vault_port13VaultScanPort4scans_00Bd_
FNDA:19,_RNCNvXs0_NtNtCsmREoL2ZpaF_19rusty_commit_lister8adapters13walkdir_vaultNtB7_18WalkdirScanAdapterNtNtNtBb_5ports10vault_port13VaultScanPort4scan0Bb_
FNDA:9,_RNCNvXs0_NtNtCsmREoL2ZpaF_19rusty_commit_lister8adapters13walkdir_vaultNtB7_18WalkdirScanAdapterNtNtNtBb_5ports10vault_port13VaultScanPort4scans0_0Bb_
FNDA:4,_RNCNvXs0_NtNtCsmREoL2ZpaF_19rusty_commit_lister8adapters13walkdir_vaultNtB7_18WalkdirScanAdapterNtNtNtBb_5ports10vault_port13VaultScanPort4scans1_0Bb_
FNDA:9,_RNCNvXs0_NtNtCsmREoL2ZpaF_19rusty_commit_lister8adapters13walkdir_vaultNtB7_18WalkdirScanAdapterNtNtNtBb_5ports10vault_port13VaultScanPort4scans_0Bb_
FNDA:10,_RNvMNtNtCsmREoL2ZpaF_19rusty_commit_lister8adapters13walkdir_vaultNtB2_18WalkdirScanAdapter3new
FNDA:10,_RNvXs0_NtNtCsmREoL2ZpaF_19rusty_commit_lister8adapters13walkdir_vaultNtB5_18WalkdirScanAdapterNtNtNtB9_5ports10vault_port13VaultScanPort4scan
FNDA:6,_RNvXs_NtNtCsmREoL2ZpaF_19rusty_commit_lister8adapters13walkdir_vaultNtB4_18WalkdirScanAdapterNtNtNtB8_5ports11config_port5Probe5probe
FNDA:0,_RNCNCNvXs0_NtNtCseeVLT2QTm8c_19rusty_commit_lister8adapters13walkdir_vaultNtB9_18WalkdirScanAdapterNtNtNtBd_5ports10vault_port13VaultScanPort4scans1_00Bd_
FNDA:0,_RNCNCNvXs0_NtNtCseeVLT2QTm8c_19rusty_commit_lister8adapters13walkdir_vaultNtB9_18WalkdirScanAdapterNtNtNtBd_5ports10vault_port13VaultScanPort4scans_00Bd_
FNDA:0,_RNCNvXs0_NtNtCseeVLT2QTm8c_19rusty_commit_lister8adapters13walkdir_vaultNtB7_18WalkdirScanAdapterNtNtNtBb_5ports10vault_port13VaultScanPort4scan0Bb_
FNDA:0,_RNCNvXs0_NtNtCseeVLT2QTm8c_19rusty_commit_lister8adapters13walkdir_vaultNtB7_18WalkdirScanAdapterNtNtNtBb_5ports10vault_port13VaultScanPort4scans0_0Bb_
FNDA:0,_RNCNvXs0_NtNtCseeVLT2QTm8c_19rusty_commit_lister8adapters13walkdir_vaultNtB7_18WalkdirScanAdapterNtNtNtBb_5ports10vault_port13VaultScanPort4scans1_0Bb_
FNDA:0,_RNCNvXs0_NtNtCseeVLT2QTm8c_19rusty_commit_lister8adapters13walkdir_vaultNtB7_18WalkdirScanAdapterNtNtNtBb_5ports10vault_port13VaultScanPort4scans_0Bb_
FNDA:0,_RNvMNtNtCseeVLT2QTm8c_19rusty_commit_lister8adapters13walkdir_vaultNtB2_18WalkdirScanAdapter3new
FNDA:0,_RNvXs0_NtNtCseeVLT2QTm8c_19rusty_commit_lister8adapters13walkdir_vaultNtB5_18WalkdirScanAdapterNtNtNtB9_5ports10vault_port13VaultScanPort4scan
FNDA:0,_RNvXs_NtNtCseeVLT2QTm8c_19rusty_commit_lister8adapters13walkdir_vaultNtB4_18WalkdirScanAdapterNtNtNtB8_5ports11config_port5Probe5probe
FNF:9
FNH:9
DA:33,10
DA:34,10
DA:35,10
DA:39,6
DA:40,6
DA:41,6
DA:43,0
DA:44,0
DA:45,0
DA:46,0
DA:48,6
DA:52,10
DA:53,10
DA:54,10
DA:56,10
DA:57,10
DA:58,10
DA:59,10
DA:60,19
DA:61,10
DA:62,9
DA:63,9
DA:64,9
DA:65,9
DA:67,0
DA:69,9
DA:70,10
DA:71,10
DA:73,10
DA:75,10
DA:76,10
BRF:0
BRH:0
LF:37
LH:32
end_of_record
SF:/Users/franci/src/personal/rusty-commit-lister/src/domain/model.rs
FN:100,_RNvMs_NtNtCsmREoL2ZpaF_19rusty_commit_lister6domain5modelNtB4_8AppModel3new
FN:53,_RNvXNtNtCsmREoL2ZpaF_19rusty_commit_lister6domain5modelNtB2_9AppConfigNtNtCs6bbfkRe74Oh_4core7default7Default7default
FN:100,_RNvMs_NtNtCseeVLT2QTm8c_19rusty_commit_lister6domain5modelNtB4_8AppModel3new
FN:53,_RNvXNtNtCseeVLT2QTm8c_19rusty_commit_lister6domain5modelNtB2_9AppConfigNtNtCs6bbfkRe74Oh_4core7default7Default7default
FNDA:357,_RNvMs_NtNtCsmREoL2ZpaF_19rusty_commit_lister6domain5modelNtB4_8AppModel3new
FNDA:354,_RNvXNtNtCsmREoL2ZpaF_19rusty_commit_lister6domain5modelNtB2_9AppConfigNtNtCs6bbfkRe74Oh_4core7default7Default7default
FNDA:0,_RNvMs_NtNtCseeVLT2QTm8c_19rusty_commit_lister6domain5modelNtB4_8AppModel3new
FNDA:0,_RNvXNtNtCseeVLT2QTm8c_19rusty_commit_lister6domain5modelNtB2_9AppConfigNtNtCs6bbfkRe74Oh_4core7default7Default7default
FNF:2
FNH:2
DA:53,354
DA:54,354
DA:55,354
DA:56,354
DA:57,354
DA:58,354
DA:59,354
DA:60,354
DA:100,357
DA:101,357
DA:102,357
DA:103,357
DA:104,357
DA:105,357
DA:106,357
DA:107,357
DA:108,357
DA:109,357
DA:110,357
DA:111,357
DA:112,357
DA:113,357
DA:114,357
DA:115,357
DA:116,357
DA:117,357
BRF:0
BRH:0
LF:26
LH:26
end_of_record
SF:/Users/franci/src/personal/rusty-commit-lister/src/domain/update.rs
FN:140,_RNvNtNtCsmREoL2ZpaF_19rusty_commit_lister6domain6update10handle_key
FN:20,_RNvNtNtCsmREoL2ZpaF_19rusty_commit_lister6domain6update14distinct_repos
FN:149,_RNvNtNtCsmREoL2ZpaF_19rusty_commit_lister6domain6update17handle_browse_key
FN:223,_RNvNtNtCsmREoL2ZpaF_19rusty_commit_lister6domain6update17handle_detail_key
FN:199,_RNvNtNtCsmREoL2ZpaF_19rusty_commit_lister6domain6update17handle_search_key
FN:92,_RNvNtNtCsmREoL2ZpaF_19rusty_commit_lister6domain6update18recompute_filtered
FN:116,_RNvNtNtCsmREoL2ZpaF_19rusty_commit_lister6domain6update19repo_filter_matches
FN:126,_RNvNtNtCsmREoL2ZpaF_19rusty_commit_lister6domain6update20search_query_matches
FN:248,_RNvNtNtCsmREoL2ZpaF_19rusty_commit_lister6domain6update22handle_repo_picker_key
FN:107,_RNvNtNtCsmREoL2ZpaF_19rusty_commit_lister6domain6update22record_matches_filters
FN:64,_RNvNtNtCsmREoL2ZpaF_19rusty_commit_lister6domain6update6update
FN:27,_RNCNvNtNtCsmREoL2ZpaF_19rusty_commit_lister6domain6update14distinct_repos0B7_
FN:36,_RNCNvNtNtCsmREoL2ZpaF_19rusty_commit_lister6domain6update14distinct_reposs0_0B7_
FN:29,_RNCNvNtNtCsmREoL2ZpaF_19rusty_commit_lister6domain6update14distinct_reposs_0B7_
FN:96,_RNCNvNtNtCsmREoL2ZpaF_19rusty_commit_lister6domain6update18recompute_filtered0B7_
FN:117,_RNCNvNtNtCsmREoL2ZpaF_19rusty_commit_lister6domain6update19repo_filter_matches0B7_
FN:27,_RNCNvNtNtCseeVLT2QTm8c_19rusty_commit_lister6domain6update14distinct_repos0B7_
FN:36,_RNCNvNtNtCseeVLT2QTm8c_19rusty_commit_lister6domain6update14distinct_reposs0_0B7_
FN:29,_RNCNvNtNtCseeVLT2QTm8c_19rusty_commit_lister6domain6update14distinct_reposs_0B7_
FN:96,_RNCNvNtNtCseeVLT2QTm8c_19rusty_commit_lister6domain6update18recompute_filtered0B7_
FN:117,_RNCNvNtNtCseeVLT2QTm8c_19rusty_commit_lister6domain6update19repo_filter_matches0B7_
FN:140,_RNvNtNtCseeVLT2QTm8c_19rusty_commit_lister6domain6update10handle_key
FN:20,_RNvNtNtCseeVLT2QTm8c_19rusty_commit_lister6domain6update14distinct_repos
FN:149,_RNvNtNtCseeVLT2QTm8c_19rusty_commit_lister6domain6update17handle_browse_key
FN:223,_RNvNtNtCseeVLT2QTm8c_19rusty_commit_lister6domain6update17handle_detail_key
FN:199,_RNvNtNtCseeVLT2QTm8c_19rusty_commit_lister6domain6update17handle_search_key
FN:92,_RNvNtNtCseeVLT2QTm8c_19rusty_commit_lister6domain6update18recompute_filtered
FN:116,_RNvNtNtCseeVLT2QTm8c_19rusty_commit_lister6domain6update19repo_filter_matches
FN:126,_RNvNtNtCseeVLT2QTm8c_19rusty_commit_lister6domain6update20search_query_matches
FN:248,_RNvNtNtCseeVLT2QTm8c_19rusty_commit_lister6domain6update22handle_repo_picker_key
FN:107,_RNvNtNtCseeVLT2QTm8c_19rusty_commit_lister6domain6update22record_matches_filters
FN:64,_RNvNtNtCseeVLT2QTm8c_19rusty_commit_lister6domain6update6update
FNDA:2862,_RNvNtNtCsmREoL2ZpaF_19rusty_commit_lister6domain6update10handle_key
FNDA:394,_RNvNtNtCsmREoL2ZpaF_19rusty_commit_lister6domain6update14distinct_repos
FNDA:1417,_RNvNtNtCsmREoL2ZpaF_19rusty_commit_lister6domain6update17handle_browse_key
FNDA:575,_RNvNtNtCsmREoL2ZpaF_19rusty_commit_lister6domain6update17handle_detail_key
FNDA:482,_RNvNtNtCsmREoL2ZpaF_19rusty_commit_lister6domain6update17handle_search_key
FNDA:688,_RNvNtNtCsmREoL2ZpaF_19rusty_commit_lister6domain6update18recompute_filtered
FNDA:2103,_RNvNtNtCsmREoL2ZpaF_19rusty_commit_lister6domain6update19repo_filter_matches
FNDA:2097,_RNvNtNtCsmREoL2ZpaF_19rusty_commit_lister6domain6update20search_query_matches
FNDA:388,_RNvNtNtCsmREoL2ZpaF_19rusty_commit_lister6domain6update22handle_repo_picker_key
FNDA:2103,_RNvNtNtCsmREoL2ZpaF_19rusty_commit_lister6domain6update22record_matches_filters
FNDA:3499,_RNvNtNtCsmREoL2ZpaF_19rusty_commit_lister6domain6update6update
FNDA:1179,_RNCNvNtNtCsmREoL2ZpaF_19rusty_commit_lister6domain6update14distinct_repos0B7_
FNDA:1021,_RNCNvNtNtCsmREoL2ZpaF_19rusty_commit_lister6domain6update14distinct_reposs0_0B7_
FNDA:1,_RNCNvNtNtCsmREoL2ZpaF_19rusty_commit_lister6domain6update14distinct_reposs_0B7_
FNDA:2103,_RNCNvNtNtCsmREoL2ZpaF_19rusty_commit_lister6domain6update18recompute_filtered0B7_
FNDA:186,_RNCNvNtNtCsmREoL2ZpaF_19rusty_commit_lister6domain6update19repo_filter_matches0B7_
FNDA:0,_RNCNvNtNtCseeVLT2QTm8c_19rusty_commit_lister6domain6update14distinct_repos0B7_
FNDA:0,_RNCNvNtNtCseeVLT2QTm8c_19rusty_commit_lister6domain6update14distinct_reposs0_0B7_
FNDA:0,_RNCNvNtNtCseeVLT2QTm8c_19rusty_commit_lister6domain6update14distinct_reposs_0B7_
FNDA:0,_RNCNvNtNtCseeVLT2QTm8c_19rusty_commit_lister6domain6update18recompute_filtered0B7_
FNDA:0,_RNCNvNtNtCseeVLT2QTm8c_19rusty_commit_lister6domain6update19repo_filter_matches0B7_
FNDA:0,_RNvNtNtCseeVLT2QTm8c_19rusty_commit_lister6domain6update10handle_key
FNDA:0,_RNvNtNtCseeVLT2QTm8c_19rusty_commit_lister6domain6update14distinct_repos
FNDA:0,_RNvNtNtCseeVLT2QTm8c_19rusty_commit_lister6domain6update17handle_browse_key
FNDA:0,_RNvNtNtCseeVLT2QTm8c_19rusty_commit_lister6domain6update17handle_detail_key
FNDA:0,_RNvNtNtCseeVLT2QTm8c_19rusty_commit_lister6domain6update17handle_search_key
FNDA:0,_RNvNtNtCseeVLT2QTm8c_19rusty_commit_lister6domain6update18recompute_filtered
FNDA:0,_RNvNtNtCseeVLT2QTm8c_19rusty_commit_lister6domain6update19repo_filter_matches
FNDA:0,_RNvNtNtCseeVLT2QTm8c_19rusty_commit_lister6domain6update20search_query_matches
FNDA:0,_RNvNtNtCseeVLT2QTm8c_19rusty_commit_lister6domain6update22handle_repo_picker_key
FNDA:0,_RNvNtNtCseeVLT2QTm8c_19rusty_commit_lister6domain6update22record_matches_filters
FNDA:0,_RNvNtNtCseeVLT2QTm8c_19rusty_commit_lister6domain6update6update
FNF:16
FNH:16
DA:20,394
DA:22,394
DA:23,1180
DA:24,1180
DA:25,1180
DA:26,1180
DA:27,1180
DA:28,1180
DA:29,1180
DA:30,1180
DA:31,1180
DA:32,1180
DA:33,1180
DA:35,394
DA:36,1021
DA:37,394
DA:38,394
DA:64,3499
DA:65,2
DA:66,341
DA:67,341
DA:68,341
DA:69,341
DA:70,341
DA:71,341
DA:72,1
DA:73,1
DA:74,1
DA:75,1
DA:76,1
DA:77,1
DA:78,1
DA:79,1
DA:80,1
DA:81,1
DA:82,1
DA:83,1
DA:84,293
DA:85,2862
DA:86,2862
DA:87,2862
DA:89,3499
DA:90,3499
DA:92,688
DA:93,688
DA:94,688
DA:95,688
DA:96,2103
DA:97,2103
DA:98,2103
DA:99,2103
DA:100,2103
DA:102,2103
DA:103,688
DA:104,688
DA:105,688
DA:107,2103
DA:108,2103
DA:109,2103
DA:110,2103
DA:111,2103
DA:112,2103
DA:113,2097
DA:114,2103
DA:116,2103
DA:117,2103
DA:118,186
DA:119,186
DA:120,186
DA:121,186
DA:122,186
DA:123,186
DA:124,2103
DA:126,2097
DA:127,2097
DA:128,1227
DA:129,870
DA:130,870
DA:131,870
DA:132,804
DA:133,804
DA:134,804
DA:135,804
DA:136,804
DA:137,804
DA:138,2097
DA:140,2862
DA:141,2862
DA:142,1417
DA:143,482
DA:144,575
DA:145,388
DA:147,2862
DA:149,1417
DA:150,1417
DA:151,1417
DA:153,163
DA:154,159
DA:155,159
DA:158,148
DA:159,137
DA:160,137
DA:163,163
DA:164,153
DA:165,153
DA:167,157
DA:168,157
DA:169,157
DA:170,153
DA:171,153
DA:172,153
DA:173,153
DA:175,148
DA:176,139
DA:177,139
DA:180,157
DA:181,13
DA:182,13
DA:183,144
DA:184,144
DA:185,144
DA:186,144
DA:188,1
DA:189,1
DA:190,1
DA:191,327
DA:192,327
DA:193,327
DA:194,0
DA:196,1417
DA:197,1417
DA:199,482
DA:200,285
DA:201,61
DA:202,61
DA:203,61
DA:204,61
DA:205,61
DA:206,31
DA:207,31
DA:208,31
DA:209,31
DA:210,1
DA:211,1
DA:212,1
DA:213,1
DA:214,285
DA:215,284
DA:216,284
DA:217,284
DA:218,105
DA:220,482
DA:221,482
DA:223,575
DA:224,575
DA:225,62
DA:226,62
DA:227,62
DA:229,3
DA:230,3
DA:231,3
DA:232,2
DA:233,1
DA:234,1
DA:235,1
DA:236,1
DA:237,1
DA:238,1
DA:239,1
DA:240,1
DA:241,0
DA:243,510
DA:245,575
DA:246,575
DA:248,388
DA:249,388
DA:250,388
DA:251,388
DA:253,50
DA:254,50
DA:255,50
DA:258,43
DA:259,43
DA:260,43
DA:263,49
DA:264,49
DA:265,49
DA:266,49
DA:267,49
DA:268,49
DA:270,50
DA:271,50
DA:272,50
DA:273,196
DA:275,388
DA:276,388
BRF:0
BRH:0
LF:201
LH:199
end_of_record
SF:/Users/franci/src/personal/rusty-commit-lister/src/error.rs
FN:60,_RINvMNtCsmREoL2ZpaF_19rusty_commit_lister5errorNtB3_22RustyCommitListerError21clipboard_unavailableNtNtCsdvOHDJEBN7l_5alloc6string6StringEB5_
FN:48,_RINvMNtCsmREoL2ZpaF_19rusty_commit_lister5errorNtB3_22RustyCommitListerError5vaultNtNtCsdvOHDJEBN7l_5alloc6string6StringEB5_
FN:36,_RINvMNtCsmREoL2ZpaF_19rusty_commit_lister5errorNtB3_22RustyCommitListerError6configNtNtCsdvOHDJEBN7l_5alloc6string6StringEB5_
FN:42,_RINvMNtCseeVLT2QTm8c_19rusty_commit_lister5errorNtB3_22RustyCommitListerError10validationReEB5_
FN:36,_RINvMNtCseeVLT2QTm8c_19rusty_commit_lister5errorNtB3_22RustyCommitListerError6configReEB5_
FN:66,_RINvMNtCseeVLT2QTm8c_19rusty_commit_lister5errorNtB3_22RustyCommitListerError16external_servicepEB5_
FN:60,_RINvMNtCseeVLT2QTm8c_19rusty_commit_lister5errorNtB3_22RustyCommitListerError21clipboard_unavailablepEB5_
FN:54,_RINvMNtCseeVLT2QTm8c_19rusty_commit_lister5errorNtB3_22RustyCommitListerError5parsepEB5_
FN:48,_RINvMNtCseeVLT2QTm8c_19rusty_commit_lister5errorNtB3_22RustyCommitListerError5vaultpEB5_
FN:87,_RNvNtNtCseeVLT2QTm8c_19rusty_commit_lister5error5testss_18test_error_display
FN:81,_RNvNtNtCseeVLT2QTm8c_19rusty_commit_lister5error5testss_19test_error_creation
FNDA:3,_RINvMNtCsmREoL2ZpaF_19rusty_commit_lister5errorNtB3_22RustyCommitListerError21clipboard_unavailableNtNtCsdvOHDJEBN7l_5alloc6string6StringEB5_
FNDA:0,_RINvMNtCsmREoL2ZpaF_19rusty_commit_lister5errorNtB3_22RustyCommitListerError5vaultNtNtCsdvOHDJEBN7l_5alloc6string6StringEB5_
FNDA:4,_RINvMNtCsmREoL2ZpaF_19rusty_commit_lister5errorNtB3_22RustyCommitListerError6configNtNtCsdvOHDJEBN7l_5alloc6string6StringEB5_
FNDA:1,_RINvMNtCseeVLT2QTm8c_19rusty_commit_lister5errorNtB3_22RustyCommitListerError10validationReEB5_
FNDA:1,_RINvMNtCseeVLT2QTm8c_19rusty_commit_lister5errorNtB3_22RustyCommitListerError6configReEB5_
FNDA:0,_RINvMNtCseeVLT2QTm8c_19rusty_commit_lister5errorNtB3_22RustyCommitListerError16external_servicepEB5_
FNDA:0,_RINvMNtCseeVLT2QTm8c_19rusty_commit_lister5errorNtB3_22RustyCommitListerError21clipboard_unavailablepEB5_
FNDA:0,_RINvMNtCseeVLT2QTm8c_19rusty_commit_lister5errorNtB3_22RustyCommitListerError5parsepEB5_
FNDA:0,_RINvMNtCseeVLT2QTm8c_19rusty_commit_lister5errorNtB3_22RustyCommitListerError5vaultpEB5_
FNDA:1,_RNvNtNtCseeVLT2QTm8c_19rusty_commit_lister5error5testss_18test_error_display
FNDA:1,_RNvNtNtCseeVLT2QTm8c_19rusty_commit_lister5error5testss_19test_error_creation
FNF:8
FNH:5
DA:36,5
DA:37,5
DA:38,5
DA:39,5
DA:40,5
DA:42,1
DA:43,1
DA:44,1
DA:45,1
DA:46,1
DA:48,0
DA:49,0
DA:50,0
DA:51,0
DA:52,0
DA:54,0
DA:55,0
DA:56,0
DA:57,0
DA:58,0
DA:60,3
DA:61,3
DA:62,3
DA:63,3
DA:64,3
DA:66,0
DA:67,0
DA:68,0
DA:69,0
DA:70,0
DA:81,1
DA:82,1
DA:83,1
DA:84,1
DA:87,1
DA:88,1
DA:89,1
DA:90,1
BRF:0
BRH:0
LF:38
LH:23
end_of_record
SF:/Users/franci/src/personal/rusty-commit-lister/src/main.rs
FN:112,_RNCNCNvCshmpdUkFf4HQ_19rusty_commit_lister4mains1_00B5_
FN:120,_RNCNCNvCshmpdUkFf4HQ_19rusty_commit_lister4mains2_00B5_
FN:19,_RNCNvCshmpdUkFf4HQ_19rusty_commit_lister19default_config_path0B3_
FN:65,_RNCNvCshmpdUkFf4HQ_19rusty_commit_lister4main0B3_
FN:93,_RNCNvCshmpdUkFf4HQ_19rusty_commit_lister4mains0_0B3_
FN:111,_RNCNvCshmpdUkFf4HQ_19rusty_commit_lister4mains1_0B3_
FN:117,_RNCNvCshmpdUkFf4HQ_19rusty_commit_lister4mains2_0B3_
FN:79,_RNCNvCshmpdUkFf4HQ_19rusty_commit_lister4mains_0B3_
FN:18,_RNvCshmpdUkFf4HQ_19rusty_commit_lister19default_config_path
FN:26,_RNvCshmpdUkFf4HQ_19rusty_commit_lister4main
FN:112,_RNCNCNvCs36aWUX8KaZn_19rusty_commit_lister4mains1_00B5_
FN:120,_RNCNCNvCs36aWUX8KaZn_19rusty_commit_lister4mains2_00B5_
FN:19,_RNCNvCs36aWUX8KaZn_19rusty_commit_lister19default_config_path0B3_
FN:65,_RNCNvCs36aWUX8KaZn_19rusty_commit_lister4main0B3_
FN:93,_RNCNvCs36aWUX8KaZn_19rusty_commit_lister4mains0_0B3_
FN:111,_RNCNvCs36aWUX8KaZn_19rusty_commit_lister4mains1_0B3_
FN:117,_RNCNvCs36aWUX8KaZn_19rusty_commit_lister4mains2_0B3_
FN:79,_RNCNvCs36aWUX8KaZn_19rusty_commit_lister4mains_0B3_
FN:18,_RNvCs36aWUX8KaZn_19rusty_commit_lister19default_config_path
FN:26,_RNvCs36aWUX8KaZn_19rusty_commit_lister4main
FNDA:0,_RNCNCNvCshmpdUkFf4HQ_19rusty_commit_lister4mains1_00B5_
FNDA:0,_RNCNCNvCshmpdUkFf4HQ_19rusty_commit_lister4mains2_00B5_
FNDA:0,_RNCNvCshmpdUkFf4HQ_19rusty_commit_lister19default_config_path0B3_
FNDA:3,_RNCNvCshmpdUkFf4HQ_19rusty_commit_lister4main0B3_
FNDA:0,_RNCNvCshmpdUkFf4HQ_19rusty_commit_lister4mains0_0B3_
FNDA:0,_RNCNvCshmpdUkFf4HQ_19rusty_commit_lister4mains1_0B3_
FNDA:0,_RNCNvCshmpdUkFf4HQ_19rusty_commit_lister4mains2_0B3_
FNDA:0,_RNCNvCshmpdUkFf4HQ_19rusty_commit_lister4mains_0B3_
FNDA:0,_RNvCshmpdUkFf4HQ_19rusty_commit_lister19default_config_path
FNDA:11,_RNvCshmpdUkFf4HQ_19rusty_commit_lister4main
FNDA:0,_RNCNCNvCs36aWUX8KaZn_19rusty_commit_lister4mains1_00B5_
FNDA:0,_RNCNCNvCs36aWUX8KaZn_19rusty_commit_lister4mains2_00B5_
FNDA:0,_RNCNvCs36aWUX8KaZn_19rusty_commit_lister19default_config_path0B3_
FNDA:0,_RNCNvCs36aWUX8KaZn_19rusty_commit_lister4main0B3_
FNDA:0,_RNCNvCs36aWUX8KaZn_19rusty_commit_lister4mains0_0B3_
FNDA:0,_RNCNvCs36aWUX8KaZn_19rusty_commit_lister4mains1_0B3_
FNDA:0,_RNCNvCs36aWUX8KaZn_19rusty_commit_lister4mains2_0B3_
FNDA:0,_RNCNvCs36aWUX8KaZn_19rusty_commit_lister4mains_0B3_
FNDA:0,_RNvCs36aWUX8KaZn_19rusty_commit_lister19default_config_path
FNDA:0,_RNvCs36aWUX8KaZn_19rusty_commit_lister4main
FNF:10
FNH:2
DA:18,0
DA:19,0
DA:20,0
DA:21,0
DA:22,0
DA:23,0
DA:24,0
DA:26,11
DA:27,11
DA:28,11
DA:30,11
DA:31,11
DA:32,11
DA:33,11
DA:34,11
DA:35,11
DA:36,11
DA:37,11
DA:38,11
DA:39,11
DA:41,11
DA:42,11
DA:43,11
DA:44,11
DA:45,11
DA:46,11
DA:48,11
DA:50,11
DA:51,11
DA:52,0
DA:53,11
DA:56,11
DA:57,11
DA:58,11
DA:61,11
DA:62,11
DA:63,11
DA:64,11
DA:65,11
DA:66,3
DA:67,3
DA:70,11
DA:71,2
DA:72,2
DA:73,9
DA:76,9
DA:77,9
DA:79,9
DA:80,0
DA:81,0
DA:85,9
DA:86,9
DA:87,9
DA:88,9
DA:89,6
DA:90,3
DA:93,9
DA:94,0
DA:95,0
DA:96,0
DA:99,9
DA:100,9
DA:101,9
DA:102,9
DA:103,9
DA:107,9
DA:108,0
DA:109,0
DA:110,0
DA:111,0
DA:112,0
DA:113,0
DA:114,0
DA:115,0
DA:116,0
DA:117,0
DA:118,0
DA:119,0
DA:120,0
DA:121,0
DA:122,0
DA:123,9
DA:124,1
DA:125,1
DA:126,1
DA:127,1
DA:128,1
DA:129,8
DA:130,8
DA:131,5
DA:132,5
DA:135,9
DA:136,11
BRF:0
BRH:0
LF:99
LH:66
end_of_record
SF:/Users/franci/src/personal/rusty-commit-lister/src/parser/mod.rs
FN:34,_RNvNtCsmREoL2ZpaF_19rusty_commit_lister6parser10parse_note
FN:114,_RNvNtCsmREoL2ZpaF_19rusty_commit_lister6parser15optional_column
FN:108,_RNvNtCsmREoL2ZpaF_19rusty_commit_lister6parser16is_separator_row
FN:110,_RNCNCNvNtCsmREoL2ZpaF_19rusty_commit_lister6parser16is_separator_row00B7_
FN:37,_RNCNvNtCsmREoL2ZpaF_19rusty_commit_lister6parser10parse_note0B5_
FN:110,_RNCNvNtCsmREoL2ZpaF_19rusty_commit_lister6parser16is_separator_row0B5_
FN:110,_RNCNCNvNtCseeVLT2QTm8c_19rusty_commit_lister6parser16is_separator_row00B7_
FN:37,_RNCNvNtCseeVLT2QTm8c_19rusty_commit_lister6parser10parse_note0B5_
FN:110,_RNCNvNtCseeVLT2QTm8c_19rusty_commit_lister6parser16is_separator_row0B5_
FN:34,_RNvNtCseeVLT2QTm8c_19rusty_commit_lister6parser10parse_note
FN:114,_RNvNtCseeVLT2QTm8c_19rusty_commit_lister6parser15optional_column
FN:108,_RNvNtCseeVLT2QTm8c_19rusty_commit_lister6parser16is_separator_row
FNDA:417,_RNvNtCsmREoL2ZpaF_19rusty_commit_lister6parser10parse_note
FNDA:2160,_RNvNtCsmREoL2ZpaF_19rusty_commit_lister6parser15optional_column
FNDA:2587,_RNvNtCsmREoL2ZpaF_19rusty_commit_lister6parser16is_separator_row
FNDA:5513,_RNCNCNvNtCsmREoL2ZpaF_19rusty_commit_lister6parser16is_separator_row00B7_
FNDA:417,_RNCNvNtCsmREoL2ZpaF_19rusty_commit_lister6parser10parse_note0B5_
FNDA:3226,_RNCNvNtCsmREoL2ZpaF_19rusty_commit_lister6parser16is_separator_row0B5_
FNDA:0,_RNCNCNvNtCseeVLT2QTm8c_19rusty_commit_lister6parser16is_separator_row00B7_
FNDA:0,_RNCNvNtCseeVLT2QTm8c_19rusty_commit_lister6parser10parse_note0B5_
FNDA:0,_RNCNvNtCseeVLT2QTm8c_19rusty_commit_lister6parser16is_separator_row0B5_
FNDA:0,_RNvNtCseeVLT2QTm8c_19rusty_commit_lister6parser10parse_note
FNDA:0,_RNvNtCseeVLT2QTm8c_19rusty_commit_lister6parser15optional_column
FNDA:0,_RNvNtCseeVLT2QTm8c_19rusty_commit_lister6parser16is_separator_row
FNF:6
FNH:6
DA:34,417
DA:35,417
DA:36,417
DA:37,417
DA:38,417
DA:39,417
DA:41,417
DA:42,417
DA:43,0
DA:44,0
DA:45,0
DA:49,417
DA:50,417
DA:51,417
DA:53,3237
DA:54,3237
DA:56,3237
DA:57,213
DA:58,213
DA:59,3024
DA:61,3024
DA:62,220
DA:63,2804
DA:65,2804
DA:66,217
DA:67,1
DA:68,216
DA:69,216
DA:70,2587
DA:72,2587
DA:73,2587
DA:74,2587
DA:75,2587
DA:76,2587
DA:78,2587
DA:79,213
DA:80,2374
DA:82,2374
DA:83,213
DA:84,213
DA:85,2161
DA:87,2161
DA:88,1
DA:89,1
DA:90,2160
DA:92,2160
DA:94,2160
DA:95,2160
DA:96,2160
DA:97,2160
DA:98,2160
DA:99,2160
DA:100,2160
DA:103,417
DA:104,417
DA:108,2587
DA:109,2587
DA:110,5513
DA:111,2587
DA:114,2160
DA:115,2160
DA:116,1
DA:118,2159
DA:120,2160
BRF:0
BRH:0
LF:67
LH:64
end_of_record
SF:/Users/franci/src/personal/rusty-commit-lister/src/ports/clipboard_port.rs
FN:51,_RNvMs_NtNtNtCseeVLT2QTm8c_19rusty_commit_lister5ports14clipboard_port4fakeNtB4_13FakeClipboard12last_written
FN:45,_RNvMs_NtNtNtCseeVLT2QTm8c_19rusty_commit_lister5ports14clipboard_port4fakeNtB4_13FakeClipboard3new
FN:39,_RNvXNtNtNtCseeVLT2QTm8c_19rusty_commit_lister5ports14clipboard_port4fakeNtB2_13FakeClipboardNtNtCs6bbfkRe74Oh_4core7default7Default7default
FN:57,_RNvXs0_NtNtNtCseeVLT2QTm8c_19rusty_commit_lister5ports14clipboard_port4fakeNtB5_13FakeClipboardNtNtB9_11config_port5Probe5probe
FN:63,_RNvXs1_NtNtNtCseeVLT2QTm8c_19rusty_commit_lister5ports14clipboard_port4fakeNtB5_13FakeClipboardNtB7_13ClipboardPort5write
FNDA:0,_RNvMs_NtNtNtCseeVLT2QTm8c_19rusty_commit_lister5ports14clipboard_port4fakeNtB4_13FakeClipboard12last_written
FNDA:0,_RNvMs_NtNtNtCseeVLT2QTm8c_19rusty_commit_lister5ports14clipboard_port4fakeNtB4_13FakeClipboard3new
FNDA:0,_RNvXNtNtNtCseeVLT2QTm8c_19rusty_commit_lister5ports14clipboard_port4fakeNtB2_13FakeClipboardNtNtCs6bbfkRe74Oh_4core7default7Default7default
FNDA:0,_RNvXs0_NtNtNtCseeVLT2QTm8c_19rusty_commit_lister5ports14clipboard_port4fakeNtB5_13FakeClipboardNtNtB9_11config_port5Probe5probe
FNDA:0,_RNvXs1_NtNtNtCseeVLT2QTm8c_19rusty_commit_lister5ports14clipboard_port4fakeNtB5_13FakeClipboardNtB7_13ClipboardPort5write
FNF:5
FNH:0
DA:39,0
DA:40,0
DA:41,0
DA:45,0
DA:46,0
DA:47,0
DA:48,0
DA:49,0
DA:51,0
DA:52,0
DA:53,0
DA:57,0
DA:58,0
DA:59,0
DA:63,0
DA:64,0
DA:65,0
DA:68,0
DA:69,0
DA:70,0
BRF:0
BRH:0
LF:20
LH:0
end_of_record
SF:/Users/franci/src/personal/rusty-commit-lister/src/tui/event_loop.rs
FN:98,_RNvXs_NtNtCsmREoL2ZpaF_19rusty_commit_lister3tui10event_loopNtB4_12TuiEventLoopNtNtNtCs6bbfkRe74Oh_4core3ops4drop4Drop4drop
FN:26,_RNvMNtNtCsmREoL2ZpaF_19rusty_commit_lister3tui10event_loopNtB2_12TuiEventLoop3new
FN:86,_RNvMNtNtCsmREoL2ZpaF_19rusty_commit_lister3tui10event_loopNtB2_12TuiEventLoop7restore
FN:104,_RNvNtNtCsmREoL2ZpaF_19rusty_commit_lister3tui10event_loop15translate_event
FN:51,_RINvMNtNtCseeVLT2QTm8c_19rusty_commit_lister3tui10event_loopNtB3_12TuiEventLoop3runppEB7_
FN:60,_RNCINvMNtNtCseeVLT2QTm8c_19rusty_commit_lister3tui10event_loopNtB5_12TuiEventLoop3runppE0B9_
FN:26,_RNvMNtNtCseeVLT2QTm8c_19rusty_commit_lister3tui10event_loopNtB2_12TuiEventLoop3new
FN:86,_RNvMNtNtCseeVLT2QTm8c_19rusty_commit_lister3tui10event_loopNtB2_12TuiEventLoop7restore
FN:104,_RNvNtNtCseeVLT2QTm8c_19rusty_commit_lister3tui10event_loop15translate_event
FN:98,_RNvXs_NtNtCseeVLT2QTm8c_19rusty_commit_lister3tui10event_loopNtB4_12TuiEventLoopNtNtNtCs6bbfkRe74Oh_4core3ops4drop4Drop4drop
FN:51,_RINvMNtNtCsmREoL2ZpaF_19rusty_commit_lister3tui10event_loopNtB3_12TuiEventLoop3runNCNvCshmpdUkFf4HQ_19rusty_commit_lister4mains1_0NCB1k_s2_0EB1m_
FN:60,_RNCINvMNtNtCsmREoL2ZpaF_19rusty_commit_lister3tui10event_loopNtB5_12TuiEventLoop3runNCNvCshmpdUkFf4HQ_19rusty_commit_lister4mains1_0NCB1m_s2_0E0B1o_
FNDA:0,_RNvXs_NtNtCsmREoL2ZpaF_19rusty_commit_lister3tui10event_loopNtB4_12TuiEventLoopNtNtNtCs6bbfkRe74Oh_4core3ops4drop4Drop4drop
FNDA:0,_RNvMNtNtCsmREoL2ZpaF_19rusty_commit_lister3tui10event_loopNtB2_12TuiEventLoop3new
FNDA:0,_RNvMNtNtCsmREoL2ZpaF_19rusty_commit_lister3tui10event_loopNtB2_12TuiEventLoop7restore
FNDA:0,_RNvNtNtCsmREoL2ZpaF_19rusty_commit_lister3tui10event_loop15translate_event
FNDA:0,_RINvMNtNtCseeVLT2QTm8c_19rusty_commit_lister3tui10event_loopNtB3_12TuiEventLoop3runppEB7_
FNDA:0,_RNCINvMNtNtCseeVLT2QTm8c_19rusty_commit_lister3tui10event_loopNtB5_12TuiEventLoop3runppE0B9_
FNDA:0,_RNvMNtNtCseeVLT2QTm8c_19rusty_commit_lister3tui10event_loopNtB2_12TuiEventLoop3new
FNDA:0,_RNvMNtNtCseeVLT2QTm8c_19rusty_commit_lister3tui10event_loopNtB2_12TuiEventLoop7restore
FNDA:0,_RNvNtNtCseeVLT2QTm8c_19rusty_commit_lister3tui10event_loop15translate_event
FNDA:0,_RNvXs_NtNtCseeVLT2QTm8c_19rusty_commit_lister3tui10event_loopNtB4_12TuiEventLoopNtNtNtCs6bbfkRe74Oh_4core3ops4drop4Drop4drop
FNDA:0,_RINvMNtNtCsmREoL2ZpaF_19rusty_commit_lister3tui10event_loopNtB3_12TuiEventLoop3runNCNvCshmpdUkFf4HQ_19rusty_commit_lister4mains1_0NCB1k_s2_0EB1m_
FNDA:0,_RNCINvMNtNtCsmREoL2ZpaF_19rusty_commit_lister3tui10event_loopNtB5_12TuiEventLoop3runNCNvCshmpdUkFf4HQ_19rusty_commit_lister4mains1_0NCB1m_s2_0E0B1o_
FNF:6
FNH:0
DA:26,0
DA:27,0
DA:28,0
DA:29,0
DA:30,0
DA:31,0
DA:32,0
DA:33,0
DA:34,0
DA:35,0
DA:51,0
DA:52,0
DA:53,0
DA:54,0
DA:55,0
DA:56,0
DA:57,0
DA:59,0
DA:60,0
DA:61,0
DA:62,0
DA:63,0
DA:64,0
DA:65,0
DA:66,0
DA:67,0
DA:68,0
DA:69,0
DA:70,0
DA:71,0
DA:72,0
DA:73,0
DA:74,0
DA:75,0
DA:76,0
DA:77,0
DA:78,0
DA:80,0
DA:81,0
DA:86,0
DA:87,0
DA:88,0
DA:89,0
DA:90,0
DA:91,0
DA:92,0
DA:93,0
DA:98,0
DA:99,0
DA:100,0
DA:104,0
DA:105,0
DA:106,0
DA:107,0
DA:109,0
BRF:0
BRH:0
LF:56
LH:0
end_of_record
SF:/Users/franci/src/personal/rusty-commit-lister/src/tui/view.rs
FN:101,_RNvNtNtCsmREoL2ZpaF_19rusty_commit_lister3tui4view12detail_lines
FN:160,_RNvNtNtCsmREoL2ZpaF_19rusty_commit_lister3tui4view16render_main_area
FN:232,_RNvNtNtCsmREoL2ZpaF_19rusty_commit_lister3tui4view17render_search_bar
FN:237,_RNvNtNtCsmREoL2ZpaF_19rusty_commit_lister3tui4view17render_status_bar
FN:36,_RNvNtNtCsmREoL2ZpaF_19rusty_commit_lister3tui4view18format_status_text
FN:141,_RNvNtNtCsmREoL2ZpaF_19rusty_commit_lister3tui4view18render_repo_picker
FN:49,_RNvNtNtCsmREoL2ZpaF_19rusty_commit_lister3tui4view18search_status_text
FN:189,_RNvNtNtCsmREoL2ZpaF_19rusty_commit_lister3tui4view19render_commit_table
FN:114,_RNvNtNtCsmREoL2ZpaF_19rusty_commit_lister3tui4view21render_detail_overlay
FN:61,_RNvNtNtCsmREoL2ZpaF_19rusty_commit_lister3tui4view4view
FN:17,_RNvNtNtCsmREoL2ZpaF_19rusty_commit_lister3tui4view8truncate
FN:146,_RNCNvNtNtCsmREoL2ZpaF_19rusty_commit_lister3tui4view18render_repo_picker0B7_
FN:200,_RNCNvNtNtCsmREoL2ZpaF_19rusty_commit_lister3tui4view19render_commit_table0B7_
FN:300,_RNvNtNtNtCseeVLT2QTm8c_19rusty_commit_lister3tui4view5testss_35truncate_empty_string_returns_empty
FN:267,_RNvNtNtNtCseeVLT2QTm8c_19rusty_commit_lister3tui4view5testss_39truncate_returns_short_string_unchanged
FN:329,_RNvNtNtNtCseeVLT2QTm8c_19rusty_commit_lister3tui4view5testss_41status_text_shows_one_based_row_and_total
FN:346,_RNvNtNtNtCseeVLT2QTm8c_19rusty_commit_lister3tui4view5testss_43search_status_text_shows_zero_when_no_match
FN:320,_RNvNtNtNtCseeVLT2QTm8c_19rusty_commit_lister3tui4view5testss_44status_text_is_row_zero_of_zero_when_no_rows
FN:275,_RNvNtNtNtCseeVLT2QTm8c_19rusty_commit_lister3tui4view5testss_46truncate_returns_string_equal_to_max_unchanged
FN:338,_RNvNtNtNtCseeVLT2QTm8c_19rusty_commit_lister3tui4view5testss_48search_status_text_shows_filtered_count_of_total
FN:354,_RNvNtNtNtCseeVLT2QTm8c_19rusty_commit_lister3tui4view5testss_50search_status_text_shows_full_count_when_all_match
FN:283,_RNvNtNtNtCseeVLT2QTm8c_19rusty_commit_lister3tui4view5testss_52truncate_adds_ellipsis_when_string_exceeds_max_chars
FN:308,_RNvNtNtNtCseeVLT2QTm8c_19rusty_commit_lister3tui4view5testss_64truncate_with_max_equal_to_ellipsis_length_returns_only_ellipsis
FN:36,_RNvNtNtCseeVLT2QTm8c_19rusty_commit_lister3tui4view18format_status_text
FN:49,_RNvNtNtCseeVLT2QTm8c_19rusty_commit_lister3tui4view18search_status_text
FN:17,_RNvNtNtCseeVLT2QTm8c_19rusty_commit_lister3tui4view8truncate
FN:146,_RNCNvNtNtCseeVLT2QTm8c_19rusty_commit_lister3tui4view18render_repo_picker0B7_
FN:200,_RNCNvNtNtCseeVLT2QTm8c_19rusty_commit_lister3tui4view19render_commit_table0B7_
FN:101,_RNvNtNtCseeVLT2QTm8c_19rusty_commit_lister3tui4view12detail_lines
FN:160,_RNvNtNtCseeVLT2QTm8c_19rusty_commit_lister3tui4view16render_main_area
FN:232,_RNvNtNtCseeVLT2QTm8c_19rusty_commit_lister3tui4view17render_search_bar
FN:237,_RNvNtNtCseeVLT2QTm8c_19rusty_commit_lister3tui4view17render_status_bar
FN:141,_RNvNtNtCseeVLT2QTm8c_19rusty_commit_lister3tui4view18render_repo_picker
FN:189,_RNvNtNtCseeVLT2QTm8c_19rusty_commit_lister3tui4view19render_commit_table
FN:114,_RNvNtNtCseeVLT2QTm8c_19rusty_commit_lister3tui4view21render_detail_overlay
FN:61,_RNvNtNtCseeVLT2QTm8c_19rusty_commit_lister3tui4view4view
FNDA:7,_RNvNtNtCsmREoL2ZpaF_19rusty_commit_lister3tui4view12detail_lines
FNDA:14,_RNvNtNtCsmREoL2ZpaF_19rusty_commit_lister3tui4view16render_main_area
FNDA:2,_RNvNtNtCsmREoL2ZpaF_19rusty_commit_lister3tui4view17render_search_bar
FNDA:14,_RNvNtNtCsmREoL2ZpaF_19rusty_commit_lister3tui4view17render_status_bar
FNDA:2,_RNvNtNtCsmREoL2ZpaF_19rusty_commit_lister3tui4view18format_status_text
FNDA:4,_RNvNtNtCsmREoL2ZpaF_19rusty_commit_lister3tui4view18render_repo_picker
FNDA:2,_RNvNtNtCsmREoL2ZpaF_19rusty_commit_lister3tui4view18search_status_text
FNDA:5,_RNvNtNtCsmREoL2ZpaF_19rusty_commit_lister3tui4view19render_commit_table
FNDA:5,_RNvNtNtCsmREoL2ZpaF_19rusty_commit_lister3tui4view21render_detail_overlay
FNDA:14,_RNvNtNtCsmREoL2ZpaF_19rusty_commit_lister3tui4view4view
FNDA:12,_RNvNtNtCsmREoL2ZpaF_19rusty_commit_lister3tui4view8truncate
FNDA:8,_RNCNvNtNtCsmREoL2ZpaF_19rusty_commit_lister3tui4view18render_repo_picker0B7_
FNDA:6,_RNCNvNtNtCsmREoL2ZpaF_19rusty_commit_lister3tui4view19render_commit_table0B7_
FNDA:1,_RNvNtNtNtCseeVLT2QTm8c_19rusty_commit_lister3tui4view5testss_35truncate_empty_string_returns_empty
FNDA:1,_RNvNtNtNtCseeVLT2QTm8c_19rusty_commit_lister3tui4view5testss_39truncate_returns_short_string_unchanged
FNDA:1,_RNvNtNtNtCseeVLT2QTm8c_19rusty_commit_lister3tui4view5testss_41status_text_shows_one_based_row_and_total
FNDA:1,_RNvNtNtNtCseeVLT2QTm8c_19rusty_commit_lister3tui4view5testss_43search_status_text_shows_zero_when_no_match
FNDA:1,_RNvNtNtNtCseeVLT2QTm8c_19rusty_commit_lister3tui4view5testss_44status_text_is_row_zero_of_zero_when_no_rows
FNDA:1,_RNvNtNtNtCseeVLT2QTm8c_19rusty_commit_lister3tui4view5testss_46truncate_returns_string_equal_to_max_unchanged
FNDA:1,_RNvNtNtNtCseeVLT2QTm8c_19rusty_commit_lister3tui4view5testss_48search_status_text_shows_filtered_count_of_total
FNDA:1,_RNvNtNtNtCseeVLT2QTm8c_19rusty_commit_lister3tui4view5testss_50search_status_text_shows_full_count_when_all_match
FNDA:1,_RNvNtNtNtCseeVLT2QTm8c_19rusty_commit_lister3tui4view5testss_52truncate_adds_ellipsis_when_string_exceeds_max_chars
FNDA:1,_RNvNtNtNtCseeVLT2QTm8c_19rusty_commit_lister3tui4view5testss_64truncate_with_max_equal_to_ellipsis_length_returns_only_ellipsis
FNDA:2,_RNvNtNtCseeVLT2QTm8c_19rusty_commit_lister3tui4view18format_status_text
FNDA:3,_RNvNtNtCseeVLT2QTm8c_19rusty_commit_lister3tui4view18search_status_text
FNDA:5,_RNvNtNtCseeVLT2QTm8c_19rusty_commit_lister3tui4view8truncate
FNDA:0,_RNCNvNtNtCseeVLT2QTm8c_19rusty_commit_lister3tui4view18render_repo_picker0B7_
FNDA:0,_RNCNvNtNtCseeVLT2QTm8c_19rusty_commit_lister3tui4view19render_commit_table0B7_
FNDA:0,_RNvNtNtCseeVLT2QTm8c_19rusty_commit_lister3tui4view12detail_lines
FNDA:0,_RNvNtNtCseeVLT2QTm8c_19rusty_commit_lister3tui4view16render_main_area
FNDA:0,_RNvNtNtCseeVLT2QTm8c_19rusty_commit_lister3tui4view17render_search_bar
FNDA:0,_RNvNtNtCseeVLT2QTm8c_19rusty_commit_lister3tui4view17render_status_bar
FNDA:0,_RNvNtNtCseeVLT2QTm8c_19rusty_commit_lister3tui4view18render_repo_picker
FNDA:0,_RNvNtNtCseeVLT2QTm8c_19rusty_commit_lister3tui4view19render_commit_table
FNDA:0,_RNvNtNtCseeVLT2QTm8c_19rusty_commit_lister3tui4view21render_detail_overlay
FNDA:0,_RNvNtNtCseeVLT2QTm8c_19rusty_commit_lister3tui4view4view
FNF:23
FNH:23
DA:17,17
DA:18,17
DA:19,17
DA:20,7
DA:21,10
DA:22,10
DA:23,10
DA:24,10
DA:25,10
DA:26,10
DA:27,10
DA:28,17
DA:36,4
DA:37,4
DA:38,1
DA:40,3
DA:42,4
DA:49,5
DA:50,5
DA:51,5
DA:61,14
DA:62,14
DA:63,2
DA:64,2
DA:65,2
DA:66,2
DA:67,2
DA:68,2
DA:69,2
DA:70,2
DA:71,2
DA:72,2
DA:73,2
DA:74,2
DA:75,2
DA:76,2
DA:77,2
DA:78,2
DA:79,12
DA:80,12
DA:81,12
DA:82,12
DA:83,12
DA:84,12
DA:85,12
DA:86,12
DA:87,12
DA:88,12
DA:89,14
DA:101,7
DA:102,7
DA:103,7
DA:104,7
DA:105,7
DA:106,7
DA:107,7
DA:109,7
DA:112,7
DA:114,5
DA:117,5
DA:118,5
DA:119,5
DA:120,5
DA:121,5
DA:122,5
DA:123,1
DA:124,1
DA:125,4
DA:126,5
DA:127,5
DA:128,5
DA:129,5
DA:131,5
DA:132,5
DA:141,4
DA:142,4
DA:143,4
DA:144,4
DA:145,4
DA:146,8
DA:147,8
DA:148,8
DA:149,4
DA:151,4
DA:153,8
DA:154,8
DA:155,4
DA:156,4
DA:157,4
DA:158,4
DA:160,14
DA:161,14
DA:162,0
DA:163,0
DA:164,14
DA:166,14
DA:167,0
DA:168,0
DA:169,14
DA:171,14
DA:172,0
DA:173,0
DA:174,14
DA:176,14
DA:177,5
DA:178,5
DA:179,9
DA:181,9
DA:182,4
DA:183,4
DA:184,5
DA:186,5
DA:187,14
DA:189,5
DA:190,5
DA:191,5
DA:192,5
DA:193,5
DA:194,5
DA:197,5
DA:198,5
DA:199,5
DA:200,6
DA:201,6
DA:202,6
DA:203,6
DA:204,6
DA:205,6
DA:207,6
DA:208,5
DA:210,5
DA:211,5
DA:212,5
DA:213,5
DA:214,5
DA:215,5
DA:217,5
DA:218,5
DA:219,5
DA:220,5
DA:223,5
DA:225,5
DA:226,5
DA:232,2
DA:233,2
DA:234,2
DA:235,2
DA:237,14
DA:238,14
DA:239,2
DA:240,5
DA:241,4
DA:243,3
DA:244,1
DA:246,1
DA:247,1
DA:250,2
DA:251,2
DA:252,2
DA:256,14
DA:257,14
DA:267,1
DA:268,1
DA:269,1
DA:275,1
DA:276,1
DA:277,1
DA:283,1
DA:284,1
DA:285,1
DA:289,1
DA:290,1
DA:294,1
DA:300,1
DA:301,1
DA:302,1
DA:308,1
DA:309,1
DA:310,1
DA:311,1
DA:312,1
DA:320,1
DA:321,1
DA:322,1
DA:323,1
DA:329,1
DA:330,1
DA:331,1
DA:332,1
DA:338,1
DA:339,1
DA:340,1
DA:346,1
DA:347,1
DA:348,1
DA:354,1
DA:355,1
DA:356,1
BRF:0
BRH:0
LF:200
LH:194
end_of_record
